<?xml version="1.0" encoding="UTF-8"?>
<testsuite name="com.coda.stylestore.web.PostsApiControllerTest" tests="2" skipped="0" failures="0" errors="0" timestamp="2022-08-17T10:43:02" hostname="DESKTOP-9A4F2JB" time="0.105">
  <properties/>
  <testcase name="Posts_등록된다" classname="com.coda.stylestore.web.PostsApiControllerTest" time="0.072"/>
  <testcase name="Posts_수정된다" classname="com.coda.stylestore.web.PostsApiControllerTest" time="0.032"/>
  <system-out><![CDATA[2022-08-17 19:43:02.856  INFO 32320 --- [    Test worker] .b.t.c.SpringBootTestContextBootstrapper : Neither @ContextConfiguration nor @ContextHierarchy found for test class [com.coda.stylestore.web.PostsApiControllerTest], using SpringBootContextLoader
2022-08-17 19:43:02.857  INFO 32320 --- [    Test worker] o.s.t.c.support.AbstractContextLoader    : Could not detect default resource locations for test class [com.coda.stylestore.web.PostsApiControllerTest]: no resource found for suffixes {-context.xml, Context.groovy}.
2022-08-17 19:43:02.857  INFO 32320 --- [    Test worker] t.c.s.AnnotationConfigContextLoaderUtils : Could not detect default configuration classes for test class [com.coda.stylestore.web.PostsApiControllerTest]: PostsApiControllerTest does not declare any static, non-private, non-final, nested classes annotated with @Configuration.
2022-08-17 19:43:02.859  INFO 32320 --- [    Test worker] .b.t.c.SpringBootTestContextBootstrapper : Found @SpringBootConfiguration com.coda.stylestore.StylestoreApplication for test class com.coda.stylestore.web.PostsApiControllerTest
2022-08-17 19:43:02.860  INFO 32320 --- [    Test worker] .b.t.c.SpringBootTestContextBootstrapper : Loaded default TestExecutionListener class names from location [META-INF/spring.factories]: [org.springframework.security.test.context.support.WithSecurityContextTestExecutionListener, org.springframework.security.test.context.support.ReactorContextTestExecutionListener, org.springframework.boot.test.autoconfigure.restdocs.RestDocsTestExecutionListener, org.springframework.boot.test.autoconfigure.web.client.MockRestServiceServerResetTestExecutionListener, org.springframework.boot.test.autoconfigure.web.servlet.MockMvcPrintOnlyOnFailureTestExecutionListener, org.springframework.boot.test.autoconfigure.web.servlet.WebDriverTestExecutionListener, org.springframework.boot.test.mock.mockito.MockitoTestExecutionListener, org.springframework.boot.test.mock.mockito.ResetMocksTestExecutionListener, org.springframework.test.context.web.ServletTestExecutionListener, org.springframework.test.context.support.DirtiesContextBeforeModesTestExecutionListener, org.springframework.test.context.support.DependencyInjectionTestExecutionListener, org.springframework.test.context.support.DirtiesContextTestExecutionListener, org.springframework.test.context.transaction.TransactionalTestExecutionListener, org.springframework.test.context.jdbc.SqlScriptsTestExecutionListener]
2022-08-17 19:43:02.861  INFO 32320 --- [    Test worker] .b.t.c.SpringBootTestContextBootstrapper : Using TestExecutionListeners: [org.springframework.test.context.web.ServletTestExecutionListener@27212582, org.springframework.test.context.support.DirtiesContextBeforeModesTestExecutionListener@1f1e93, org.springframework.boot.test.mock.mockito.MockitoTestExecutionListener@35832460, org.springframework.boot.test.autoconfigure.SpringBootDependencyInjectionTestExecutionListener@71fe8930, org.springframework.test.context.support.DirtiesContextTestExecutionListener@5fddafb8, org.springframework.test.context.transaction.TransactionalTestExecutionListener@27ced956, org.springframework.test.context.jdbc.SqlScriptsTestExecutionListener@bc259eb, org.springframework.security.test.context.support.WithSecurityContextTestExecutionListener@e70f6aa, org.springframework.security.test.context.support.ReactorContextTestExecutionListener@3ce228b3, org.springframework.boot.test.autoconfigure.restdocs.RestDocsTestExecutionListener@6db75210, org.springframework.boot.test.autoconfigure.web.client.MockRestServiceServerResetTestExecutionListener@7423434c, org.springframework.boot.test.autoconfigure.web.servlet.MockMvcPrintOnlyOnFailureTestExecutionListener@7def2ec4, org.springframework.boot.test.autoconfigure.web.servlet.WebDriverTestExecutionListener@50e5367a, org.springframework.boot.test.mock.mockito.ResetMocksTestExecutionListener@795d9a4]
2022-08-17 19:43:02.870  INFO 32320 --- [    Test worker] o.a.c.c.C.[Tomcat].[localhost].[/]       : Initializing Spring TestDispatcherServlet ''
2022-08-17 19:43:02.870  INFO 32320 --- [    Test worker] o.s.t.web.servlet.TestDispatcherServlet  : Initializing Servlet ''
2022-08-17 19:43:02.872  INFO 32320 --- [    Test worker] o.s.t.web.servlet.TestDispatcherServlet  : Completed initialization in 2 ms
Hibernate: insert into posts (created_date, modified_date, author, content, title) values (?, ?, ?, ?, ?)
Hibernate: select posts0_.id as id1_0_, posts0_.created_date as created_2_0_, posts0_.modified_date as modified3_0_, posts0_.author as author4_0_, posts0_.content as content5_0_, posts0_.title as title6_0_ from posts posts0_
Hibernate: select posts0_.id as id1_0_, posts0_.created_date as created_2_0_, posts0_.modified_date as modified3_0_, posts0_.author as author4_0_, posts0_.content as content5_0_, posts0_.title as title6_0_ from posts posts0_
Hibernate: delete from posts where id=?
2022-08-17 19:43:02.940  INFO 32320 --- [    Test worker] o.a.c.c.C.[Tomcat].[localhost].[/]       : Initializing Spring TestDispatcherServlet ''
2022-08-17 19:43:02.940  INFO 32320 --- [    Test worker] o.s.t.web.servlet.TestDispatcherServlet  : Initializing Servlet ''
2022-08-17 19:43:02.943  INFO 32320 --- [    Test worker] o.s.t.web.servlet.TestDispatcherServlet  : Completed initialization in 3 ms
Hibernate: insert into posts (created_date, modified_date, author, content, title) values (?, ?, ?, ?, ?)
Hibernate: select posts0_.id as id1_0_0_, posts0_.created_date as created_2_0_0_, posts0_.modified_date as modified3_0_0_, posts0_.author as author4_0_0_, posts0_.content as content5_0_0_, posts0_.title as title6_0_0_ from posts posts0_ where posts0_.id=?
Hibernate: update posts set created_date=?, modified_date=?, author=?, content=?, title=? where id=?
Hibernate: select posts0_.id as id1_0_, posts0_.created_date as created_2_0_, posts0_.modified_date as modified3_0_, posts0_.author as author4_0_, posts0_.content as content5_0_, posts0_.title as title6_0_ from posts posts0_
Hibernate: select posts0_.id as id1_0_, posts0_.created_date as created_2_0_, posts0_.modified_date as modified3_0_, posts0_.author as author4_0_, posts0_.content as content5_0_, posts0_.title as title6_0_ from posts posts0_
Hibernate: delete from posts where id=?
]]></system-out>
  <system-err><![CDATA[]]></system-err>
</testsuite>
