<?xml version="1.0" encoding="UTF-8"?>
<testsuite name="com.coda.stylestore.domain.posts.PostsRepositoryTest" tests="2" skipped="0" failures="0" errors="0" timestamp="2022-08-17T10:42:58" hostname="DESKTOP-9A4F2JB" time="0.392">
  <properties/>
  <testcase name="게시글저장_불러오기" classname="com.coda.stylestore.domain.posts.PostsRepositoryTest" time="0.377"/>
  <testcase name="BaseTimeEntity_등록" classname="com.coda.stylestore.domain.posts.PostsRepositoryTest" time="0.014"/>
  <system-out><![CDATA[19:42:50.764 [Test worker] DEBUG org.springframework.test.context.junit4.SpringJUnit4ClassRunner - SpringJUnit4ClassRunner constructor called with [class com.coda.stylestore.domain.posts.PostsRepositoryTest]
19:42:50.773 [Test worker] DEBUG org.springframework.test.context.BootstrapUtils - Instantiating CacheAwareContextLoaderDelegate from class [org.springframework.test.context.cache.DefaultCacheAwareContextLoaderDelegate]
19:42:50.782 [Test worker] DEBUG org.springframework.test.context.BootstrapUtils - Instantiating BootstrapContext using constructor [public org.springframework.test.context.support.DefaultBootstrapContext(java.lang.Class,org.springframework.test.context.CacheAwareContextLoaderDelegate)]
19:42:50.799 [Test worker] DEBUG org.springframework.test.context.BootstrapUtils - Instantiating TestContextBootstrapper for test class [com.coda.stylestore.domain.posts.PostsRepositoryTest] from class [org.springframework.boot.test.context.SpringBootTestContextBootstrapper]
19:42:50.816 [Test worker] INFO org.springframework.boot.test.context.SpringBootTestContextBootstrapper - Neither @ContextConfiguration nor @ContextHierarchy found for test class [com.coda.stylestore.domain.posts.PostsRepositoryTest], using SpringBootContextLoader
19:42:50.822 [Test worker] DEBUG org.springframework.test.context.support.AbstractContextLoader - Did not detect default resource location for test class [com.coda.stylestore.domain.posts.PostsRepositoryTest]: class path resource [com/coda/stylestore/domain/posts/PostsRepositoryTest-context.xml] does not exist
19:42:50.823 [Test worker] DEBUG org.springframework.test.context.support.AbstractContextLoader - Did not detect default resource location for test class [com.coda.stylestore.domain.posts.PostsRepositoryTest]: class path resource [com/coda/stylestore/domain/posts/PostsRepositoryTestContext.groovy] does not exist
19:42:50.823 [Test worker] INFO org.springframework.test.context.support.AbstractContextLoader - Could not detect default resource locations for test class [com.coda.stylestore.domain.posts.PostsRepositoryTest]: no resource found for suffixes {-context.xml, Context.groovy}.
19:42:50.825 [Test worker] INFO org.springframework.test.context.support.AnnotationConfigContextLoaderUtils - Could not detect default configuration classes for test class [com.coda.stylestore.domain.posts.PostsRepositoryTest]: PostsRepositoryTest does not declare any static, non-private, non-final, nested classes annotated with @Configuration.
19:42:50.890 [Test worker] DEBUG org.springframework.test.context.support.ActiveProfilesUtils - Could not find an 'annotation declaring class' for annotation type [org.springframework.test.context.ActiveProfiles] and class [com.coda.stylestore.domain.posts.PostsRepositoryTest]
19:42:50.976 [Test worker] DEBUG org.springframework.context.annotation.ClassPathScanningCandidateComponentProvider - Identified candidate component class: file [C:\Users\lee\Desktop\stylestore\build\classes\java\main\com\coda\stylestore\StylestoreApplication.class]
19:42:50.978 [Test worker] INFO org.springframework.boot.test.context.SpringBootTestContextBootstrapper - Found @SpringBootConfiguration com.coda.stylestore.StylestoreApplication for test class com.coda.stylestore.domain.posts.PostsRepositoryTest
19:42:51.102 [Test worker] DEBUG org.springframework.boot.test.context.SpringBootTestContextBootstrapper - @TestExecutionListeners is not present for class [com.coda.stylestore.domain.posts.PostsRepositoryTest]: using defaults.
19:42:51.104 [Test worker] INFO org.springframework.boot.test.context.SpringBootTestContextBootstrapper - Loaded default TestExecutionListener class names from location [META-INF/spring.factories]: [org.springframework.security.test.context.support.WithSecurityContextTestExecutionListener, org.springframework.security.test.context.support.ReactorContextTestExecutionListener, org.springframework.boot.test.autoconfigure.restdocs.RestDocsTestExecutionListener, org.springframework.boot.test.autoconfigure.web.client.MockRestServiceServerResetTestExecutionListener, org.springframework.boot.test.autoconfigure.web.servlet.MockMvcPrintOnlyOnFailureTestExecutionListener, org.springframework.boot.test.autoconfigure.web.servlet.WebDriverTestExecutionListener, org.springframework.boot.test.mock.mockito.MockitoTestExecutionListener, org.springframework.boot.test.mock.mockito.ResetMocksTestExecutionListener, org.springframework.test.context.web.ServletTestExecutionListener, org.springframework.test.context.support.DirtiesContextBeforeModesTestExecutionListener, org.springframework.test.context.support.DependencyInjectionTestExecutionListener, org.springframework.test.context.support.DirtiesContextTestExecutionListener, org.springframework.test.context.transaction.TransactionalTestExecutionListener, org.springframework.test.context.jdbc.SqlScriptsTestExecutionListener]
19:42:51.125 [Test worker] INFO org.springframework.boot.test.context.SpringBootTestContextBootstrapper - Using TestExecutionListeners: [org.springframework.test.context.web.ServletTestExecutionListener@3c653035, org.springframework.test.context.support.DirtiesContextBeforeModesTestExecutionListener@2cfcf5db, org.springframework.boot.test.mock.mockito.MockitoTestExecutionListener@1c42c148, org.springframework.boot.test.autoconfigure.SpringBootDependencyInjectionTestExecutionListener@21f191f9, org.springframework.test.context.support.DirtiesContextTestExecutionListener@3480f96a, org.springframework.test.context.transaction.TransactionalTestExecutionListener@7f19800c, org.springframework.test.context.jdbc.SqlScriptsTestExecutionListener@75db5626, org.springframework.security.test.context.support.WithSecurityContextTestExecutionListener@58887f3d, org.springframework.security.test.context.support.ReactorContextTestExecutionListener@6bf096ef, org.springframework.boot.test.autoconfigure.restdocs.RestDocsTestExecutionListener@58da627d, org.springframework.boot.test.autoconfigure.web.client.MockRestServiceServerResetTestExecutionListener@771f6526, org.springframework.boot.test.autoconfigure.web.servlet.MockMvcPrintOnlyOnFailureTestExecutionListener@6c759d6f, org.springframework.boot.test.autoconfigure.web.servlet.WebDriverTestExecutionListener@3dd29e0, org.springframework.boot.test.mock.mockito.ResetMocksTestExecutionListener@89f6a6c]
19:42:51.127 [Test worker] DEBUG org.springframework.test.annotation.ProfileValueUtils - Retrieved @ProfileValueSourceConfiguration [null] for test class [com.coda.stylestore.domain.posts.PostsRepositoryTest]
19:42:51.127 [Test worker] DEBUG org.springframework.test.annotation.ProfileValueUtils - Retrieved ProfileValueSource type [class org.springframework.test.annotation.SystemProfileValueSource] for class [com.coda.stylestore.domain.posts.PostsRepositoryTest]
19:42:51.129 [Test worker] DEBUG org.springframework.test.annotation.ProfileValueUtils - Retrieved @ProfileValueSourceConfiguration [null] for test class [com.coda.stylestore.domain.posts.PostsRepositoryTest]
19:42:51.129 [Test worker] DEBUG org.springframework.test.annotation.ProfileValueUtils - Retrieved ProfileValueSource type [class org.springframework.test.annotation.SystemProfileValueSource] for class [com.coda.stylestore.domain.posts.PostsRepositoryTest]
19:42:51.130 [Test worker] DEBUG org.springframework.test.annotation.ProfileValueUtils - Retrieved @ProfileValueSourceConfiguration [null] for test class [com.coda.stylestore.domain.posts.PostsRepositoryTest]
19:42:51.131 [Test worker] DEBUG org.springframework.test.annotation.ProfileValueUtils - Retrieved ProfileValueSource type [class org.springframework.test.annotation.SystemProfileValueSource] for class [com.coda.stylestore.domain.posts.PostsRepositoryTest]
19:42:51.131 [Test worker] DEBUG org.springframework.test.annotation.ProfileValueUtils - Retrieved @ProfileValueSourceConfiguration [null] for test class [com.coda.stylestore.domain.posts.PostsRepositoryTest]
19:42:51.132 [Test worker] DEBUG org.springframework.test.annotation.ProfileValueUtils - Retrieved ProfileValueSource type [class org.springframework.test.annotation.SystemProfileValueSource] for class [com.coda.stylestore.domain.posts.PostsRepositoryTest]
19:42:51.139 [Test worker] DEBUG org.springframework.test.context.support.AbstractDirtiesContextTestExecutionListener - Before test class: context [DefaultTestContext@5c85cda7 testClass = PostsRepositoryTest, testInstance = [null], testMethod = [null], testException = [null], mergedContextConfiguration = [WebMergedContextConfiguration@613438a1 testClass = PostsRepositoryTest, locations = '{}', classes = '{class com.coda.stylestore.StylestoreApplication}', contextInitializerClasses = '[]', activeProfiles = '{}', propertySourceLocations = '{}', propertySourceProperties = '{org.springframework.boot.test.context.SpringBootTestContextBootstrapper=true}', contextCustomizers = set[org.springframework.boot.test.autoconfigure.properties.PropertyMappingContextCustomizer@0, org.springframework.boot.test.autoconfigure.web.servlet.WebDriverContextCustomizerFactory$Customizer@49667bb6, org.springframework.boot.test.context.filter.ExcludeFilterContextCustomizer@58e08953, org.springframework.boot.test.json.DuplicateJsonObjectContextCustomizerFactory$DuplicateJsonObjectContextCustomizer@12b6dce3, org.springframework.boot.test.mock.mockito.MockitoContextCustomizer@0, org.springframework.boot.test.web.client.TestRestTemplateContextCustomizer@668dccdb], resourceBasePath = 'src/main/webapp', contextLoader = 'org.springframework.boot.test.context.SpringBootContextLoader', parent = [null]], attributes = map['org.springframework.test.context.web.ServletTestExecutionListener.activateListener' -> true]], class annotated with @DirtiesContext [false] with mode [null].
19:42:51.140 [Test worker] DEBUG org.springframework.test.annotation.ProfileValueUtils - Retrieved @ProfileValueSourceConfiguration [null] for test class [com.coda.stylestore.domain.posts.PostsRepositoryTest]
19:42:51.141 [Test worker] DEBUG org.springframework.test.annotation.ProfileValueUtils - Retrieved ProfileValueSource type [class org.springframework.test.annotation.SystemProfileValueSource] for class [com.coda.stylestore.domain.posts.PostsRepositoryTest]
19:42:51.167 [Test worker] DEBUG org.springframework.test.context.support.TestPropertySourceUtils - Adding inlined properties to environment: {spring.jmx.enabled=false, org.springframework.boot.test.context.SpringBootTestContextBootstrapper=true, server.port=-1}

  .   ____          _            __ _ _
 /\\ / ___'_ __ _ _(_)_ __  __ _ \ \ \ \
( ( )\___ | '_ | '_| | '_ \/ _` | \ \ \ \
 \\/  ___)| |_)| | | | | || (_| |  ) ) ) )
  '  |____| .__|_| |_|_| |_\__, | / / / /
 =========|_|==============|___/=/_/_/_/
 :: Spring Boot ::        (v2.1.9.RELEASE)

2022-08-17 19:42:51.464  INFO 32320 --- [    Test worker] c.c.s.domain.posts.PostsRepositoryTest   : Starting PostsRepositoryTest on DESKTOP-9A4F2JB with PID 32320 (started by lee in C:\Users\lee\Desktop\stylestore)
2022-08-17 19:42:51.466  INFO 32320 --- [    Test worker] c.c.s.domain.posts.PostsRepositoryTest   : No active profile set, falling back to default profiles: default
2022-08-17 19:42:52.536  INFO 32320 --- [    Test worker] .s.d.r.c.RepositoryConfigurationDelegate : Bootstrapping Spring Data repositories in DEFAULT mode.
2022-08-17 19:42:52.637  INFO 32320 --- [    Test worker] .s.d.r.c.RepositoryConfigurationDelegate : Finished Spring Data repository scanning in 87ms. Found 2 repository interfaces.
2022-08-17 19:42:53.264  INFO 32320 --- [    Test worker] trationDelegate$BeanPostProcessorChecker : Bean 'org.springframework.transaction.annotation.ProxyTransactionManagementConfiguration' of type [org.springframework.transaction.annotation.ProxyTransactionManagementConfiguration$$EnhancerBySpringCGLIB$$66ff7feb] is not eligible for getting processed by all BeanPostProcessors (for example: not eligible for auto-proxying)
2022-08-17 19:42:53.501  INFO 32320 --- [    Test worker] com.zaxxer.hikari.HikariDataSource       : HikariPool-1 - Starting...
2022-08-17 19:42:53.711  INFO 32320 --- [    Test worker] com.zaxxer.hikari.HikariDataSource       : HikariPool-1 - Start completed.
2022-08-17 19:42:53.830  INFO 32320 --- [    Test worker] o.hibernate.jpa.internal.util.LogHelper  : HHH000204: Processing PersistenceUnitInfo [
	name: default
	...]
2022-08-17 19:42:53.938  INFO 32320 --- [    Test worker] org.hibernate.Version                    : HHH000412: Hibernate Core {5.3.12.Final}
2022-08-17 19:42:53.940  INFO 32320 --- [    Test worker] org.hibernate.cfg.Environment            : HHH000206: hibernate.properties not found
2022-08-17 19:42:54.231  INFO 32320 --- [    Test worker] o.hibernate.annotations.common.Version   : HCANN000001: Hibernate Commons Annotations {5.0.4.Final}
2022-08-17 19:42:54.480  INFO 32320 --- [    Test worker] org.hibernate.dialect.Dialect            : HHH000400: Using dialect: org.hibernate.dialect.MySQL5InnoDBDialect
Hibernate: drop table if exists posts
Hibernate: drop table if exists user
Hibernate: create table posts (id bigint not null auto_increment, created_date datetime, modified_date datetime, author varchar(255), content TEXT not null, title varchar(500) not null, primary key (id)) engine=InnoDB
Hibernate: create table user (id bigint not null auto_increment, created_date datetime, modified_date datetime, email varchar(255) not null, name varchar(255) not null, picture varchar(255), role varchar(255) not null, primary key (id)) engine=InnoDB
2022-08-17 19:42:55.270  INFO 32320 --- [    Test worker] o.h.t.schema.internal.SchemaCreatorImpl  : HHH000476: Executing import script 'org.hibernate.tool.schema.internal.exec.ScriptSourceInputNonExistentImpl@5b8e0f2'
2022-08-17 19:42:55.274  INFO 32320 --- [    Test worker] j.LocalContainerEntityManagerFactoryBean : Initialized JPA EntityManagerFactory for persistence unit 'default'
2022-08-17 19:42:55.931  INFO 32320 --- [    Test worker] o.h.h.i.QueryTranslatorFactoryInitiator  : HHH000397: Using ASTQueryTranslatorFactory
2022-08-17 19:42:56.542  INFO 32320 --- [    Test worker] o.s.s.web.DefaultSecurityFilterChain     : Creating filter chain: any request, [org.springframework.security.web.context.request.async.WebAsyncManagerIntegrationFilter@1ff446a0, org.springframework.security.web.context.SecurityContextPersistenceFilter@2f19cd55, org.springframework.security.web.header.HeaderWriterFilter@21288697, org.springframework.security.web.authentication.logout.LogoutFilter@614098e4, org.springframework.security.oauth2.client.web.OAuth2AuthorizationRequestRedirectFilter@369a4317, org.springframework.security.oauth2.client.web.OAuth2LoginAuthenticationFilter@47732b0d, org.springframework.security.web.authentication.ui.DefaultLoginPageGeneratingFilter@7ba93445, org.springframework.security.web.authentication.ui.DefaultLogoutPageGeneratingFilter@34553613, org.springframework.security.web.savedrequest.RequestCacheAwareFilter@2eb93879, org.springframework.security.web.servletapi.SecurityContextHolderAwareRequestFilter@67d33a5b, org.springframework.security.web.authentication.AnonymousAuthenticationFilter@3d184465, org.springframework.security.web.session.SessionManagementFilter@7d78610a, org.springframework.security.web.access.ExceptionTranslationFilter@443f30fe, org.springframework.security.web.access.intercept.FilterSecurityInterceptor@71e1b384]
2022-08-17 19:42:57.270  INFO 32320 --- [    Test worker] o.s.s.concurrent.ThreadPoolTaskExecutor  : Initializing ExecutorService 'applicationTaskExecutor'
2022-08-17 19:42:57.350  WARN 32320 --- [    Test worker] aWebConfiguration$JpaWebMvcConfiguration : spring.jpa.open-in-view is enabled by default. Therefore, database queries may be performed during view rendering. Explicitly configure spring.jpa.open-in-view to disable this warning
2022-08-17 19:42:57.410  INFO 32320 --- [    Test worker] o.s.b.a.w.s.WelcomePageHandlerMapping    : Adding welcome page template: index
2022-08-17 19:42:58.022  INFO 32320 --- [    Test worker] s.a.ScheduledAnnotationBeanPostProcessor : No TaskScheduler/ScheduledExecutorService bean found for scheduled processing
2022-08-17 19:42:58.041  INFO 32320 --- [    Test worker] c.c.s.domain.posts.PostsRepositoryTest   : Started PostsRepositoryTest in 6.863 seconds (JVM running for 8.607)
Hibernate: insert into posts (created_date, modified_date, author, content, title) values (?, ?, ?, ?, ?)
Hibernate: select posts0_.id as id1_0_, posts0_.created_date as created_2_0_, posts0_.modified_date as modified3_0_, posts0_.author as author4_0_, posts0_.content as content5_0_, posts0_.title as title6_0_ from posts posts0_
Hibernate: select posts0_.id as id1_0_, posts0_.created_date as created_2_0_, posts0_.modified_date as modified3_0_, posts0_.author as author4_0_, posts0_.content as content5_0_, posts0_.title as title6_0_ from posts posts0_
Hibernate: delete from posts where id=?
Hibernate: insert into posts (created_date, modified_date, author, content, title) values (?, ?, ?, ?, ?)
Hibernate: select posts0_.id as id1_0_, posts0_.created_date as created_2_0_, posts0_.modified_date as modified3_0_, posts0_.author as author4_0_, posts0_.content as content5_0_, posts0_.title as title6_0_ from posts posts0_
>>>>>>>>>>>>>>> createDate = 2022-08-17T19:42:58.452719
>>>>>>>>>>>>>>> modifiedDate = 2022-08-17T19:42:58.452719
Hibernate: select posts0_.id as id1_0_, posts0_.created_date as created_2_0_, posts0_.modified_date as modified3_0_, posts0_.author as author4_0_, posts0_.content as content5_0_, posts0_.title as title6_0_ from posts posts0_
Hibernate: delete from posts where id=?
]]></system-out>
  <system-err><![CDATA[]]></system-err>
</testsuite>
