<?xml version="1.0" encoding="UTF-8"?>
<testsuite name="com.coda.stylestore.web.HelloControllerTest" tests="2" skipped="0" failures="0" errors="0" timestamp="2022-08-17T10:42:59" hostname="DESKTOP-9A4F2JB" time="0.166">
  <properties/>
  <testcase name="hello가_리턴된다" classname="com.coda.stylestore.web.HelloControllerTest" time="0.071"/>
  <testcase name="helloDto가_리턴된다" classname="com.coda.stylestore.web.HelloControllerTest" time="0.094"/>
  <system-out><![CDATA[2022-08-17 19:42:58.480  INFO 32320 --- [    Test worker] .b.t.a.w.s.WebMvcTestContextBootstrapper : Neither @ContextConfiguration nor @ContextHierarchy found for test class [com.coda.stylestore.web.HelloControllerTest], using SpringBootContextLoader
2022-08-17 19:42:58.482  INFO 32320 --- [    Test worker] o.s.t.c.support.AbstractContextLoader    : Could not detect default resource locations for test class [com.coda.stylestore.web.HelloControllerTest]: no resource found for suffixes {-context.xml, Context.groovy}.
2022-08-17 19:42:58.482  INFO 32320 --- [    Test worker] t.c.s.AnnotationConfigContextLoaderUtils : Could not detect default configuration classes for test class [com.coda.stylestore.web.HelloControllerTest]: HelloControllerTest does not declare any static, non-private, non-final, nested classes annotated with @Configuration.
2022-08-17 19:42:58.521  INFO 32320 --- [    Test worker] .b.t.c.SpringBootTestContextBootstrapper : Found @SpringBootConfiguration com.coda.stylestore.StylestoreApplication for test class com.coda.stylestore.web.HelloControllerTest
2022-08-17 19:42:58.522  INFO 32320 --- [    Test worker] .b.t.a.w.s.WebMvcTestContextBootstrapper : Loaded default TestExecutionListener class names from location [META-INF/spring.factories]: [org.springframework.security.test.context.support.WithSecurityContextTestExecutionListener, org.springframework.security.test.context.support.ReactorContextTestExecutionListener, org.springframework.boot.test.autoconfigure.restdocs.RestDocsTestExecutionListener, org.springframework.boot.test.autoconfigure.web.client.MockRestServiceServerResetTestExecutionListener, org.springframework.boot.test.autoconfigure.web.servlet.MockMvcPrintOnlyOnFailureTestExecutionListener, org.springframework.boot.test.autoconfigure.web.servlet.WebDriverTestExecutionListener, org.springframework.boot.test.mock.mockito.MockitoTestExecutionListener, org.springframework.boot.test.mock.mockito.ResetMocksTestExecutionListener, org.springframework.test.context.web.ServletTestExecutionListener, org.springframework.test.context.support.DirtiesContextBeforeModesTestExecutionListener, org.springframework.test.context.support.DependencyInjectionTestExecutionListener, org.springframework.test.context.support.DirtiesContextTestExecutionListener, org.springframework.test.context.transaction.TransactionalTestExecutionListener, org.springframework.test.context.jdbc.SqlScriptsTestExecutionListener]
2022-08-17 19:42:58.524  INFO 32320 --- [    Test worker] .b.t.a.w.s.WebMvcTestContextBootstrapper : Using TestExecutionListeners: [org.springframework.test.context.web.ServletTestExecutionListener@75a1ba4e, org.springframework.test.context.support.DirtiesContextBeforeModesTestExecutionListener@58b3adcf, org.springframework.boot.test.mock.mockito.MockitoTestExecutionListener@35791aef, org.springframework.boot.test.autoconfigure.SpringBootDependencyInjectionTestExecutionListener@116e6c0e, org.springframework.test.context.support.DirtiesContextTestExecutionListener@6965c7a7, org.springframework.test.context.transaction.TransactionalTestExecutionListener@2cfdd291, org.springframework.test.context.jdbc.SqlScriptsTestExecutionListener@512e0b83, org.springframework.security.test.context.support.WithSecurityContextTestExecutionListener@33c203b4, org.springframework.security.test.context.support.ReactorContextTestExecutionListener@745da294, org.springframework.boot.test.autoconfigure.restdocs.RestDocsTestExecutionListener@36768fd4, org.springframework.boot.test.autoconfigure.web.client.MockRestServiceServerResetTestExecutionListener@17a5f88a, org.springframework.boot.test.autoconfigure.web.servlet.MockMvcPrintOnlyOnFailureTestExecutionListener@34598669, org.springframework.boot.test.autoconfigure.web.servlet.WebDriverTestExecutionListener@2d09cb74, org.springframework.boot.test.mock.mockito.ResetMocksTestExecutionListener@2f03e92e]

  .   ____          _            __ _ _
 /\\ / ___'_ __ _ _(_)_ __  __ _ \ \ \ \
( ( )\___ | '_ | '_| | '_ \/ _` | \ \ \ \
 \\/  ___)| |_)| | | | | || (_| |  ) ) ) )
  '  |____| .__|_| |_|_| |_\__, | / / / /
 =========|_|==============|___/=/_/_/_/
 :: Spring Boot ::        (v2.1.9.RELEASE)

2022-08-17 19:42:58.586  INFO 32320 --- [    Test worker] c.c.stylestore.web.HelloControllerTest   : Starting HelloControllerTest on DESKTOP-9A4F2JB with PID 32320 (started by lee in C:\Users\lee\Desktop\stylestore)
2022-08-17 19:42:58.588  INFO 32320 --- [    Test worker] c.c.stylestore.web.HelloControllerTest   : No active profile set, falling back to default profiles: default
2022-08-17 19:42:59.328  INFO 32320 --- [    Test worker] o.s.s.concurrent.ThreadPoolTaskExecutor  : Initializing ExecutorService 'applicationTaskExecutor'
2022-08-17 19:42:59.374  INFO 32320 --- [    Test worker] o.s.b.a.w.s.WelcomePageHandlerMapping    : Adding welcome page template: index
2022-08-17 19:42:59.589  INFO 32320 --- [    Test worker] .s.s.UserDetailsServiceAutoConfiguration : 

Using generated security password: a97b74e6-f511-4d08-9711-fafb6b0d6f4a

2022-08-17 19:42:59.725  INFO 32320 --- [    Test worker] o.s.s.web.DefaultSecurityFilterChain     : Creating filter chain: any request, [org.springframework.security.web.context.request.async.WebAsyncManagerIntegrationFilter@1e21b49d, org.springframework.security.web.context.SecurityContextPersistenceFilter@349513f3, org.springframework.security.web.header.HeaderWriterFilter@3390c754, org.springframework.security.web.csrf.CsrfFilter@9f28ed2, org.springframework.security.web.authentication.logout.LogoutFilter@db13bc6, org.springframework.security.web.authentication.UsernamePasswordAuthenticationFilter@6fc7e3b2, org.springframework.security.web.authentication.ui.DefaultLoginPageGeneratingFilter@3ecb522a, org.springframework.security.web.authentication.ui.DefaultLogoutPageGeneratingFilter@5cf13ac1, org.springframework.security.web.authentication.www.BasicAuthenticationFilter@3c7c4c9, org.springframework.security.web.savedrequest.RequestCacheAwareFilter@6f66545b, org.springframework.security.web.servletapi.SecurityContextHolderAwareRequestFilter@5a798484, org.springframework.security.web.authentication.AnonymousAuthenticationFilter@61ad5c1a, org.springframework.security.web.session.SessionManagementFilter@2e095bea, org.springframework.security.web.access.ExceptionTranslationFilter@4ca2f153, org.springframework.security.web.access.intercept.FilterSecurityInterceptor@cdbfab9]
2022-08-17 19:42:59.761  INFO 32320 --- [    Test worker] o.s.b.t.m.w.SpringBootMockServletContext : Initializing Spring TestDispatcherServlet ''
2022-08-17 19:42:59.761  INFO 32320 --- [    Test worker] o.s.t.web.servlet.TestDispatcherServlet  : Initializing Servlet ''
2022-08-17 19:42:59.776  INFO 32320 --- [    Test worker] o.s.t.web.servlet.TestDispatcherServlet  : Completed initialization in 15 ms
2022-08-17 19:42:59.815  INFO 32320 --- [    Test worker] c.c.stylestore.web.HelloControllerTest   : Started HelloControllerTest in 1.287 seconds (JVM running for 10.381)
]]></system-out>
  <system-err><![CDATA[]]></system-err>
</testsuite>
