<?xml version="1.0" encoding="UTF-8"?>
<testsuite name="com.coda.stylestore.web.IndexControllerTest" tests="1" skipped="0" failures="0" errors="0" timestamp="2022-08-17T10:43:02" hostname="DESKTOP-9A4F2JB" time="0.185">
  <properties/>
  <testcase name="메인페이지_로딩" classname="com.coda.stylestore.web.IndexControllerTest" time="0.185"/>
  <system-out><![CDATA[2022-08-17 19:42:59.986  INFO 32320 --- [    Test worker] .b.t.c.SpringBootTestContextBootstrapper : Neither @ContextConfiguration nor @ContextHierarchy found for test class [com.coda.stylestore.web.IndexControllerTest], using SpringBootContextLoader
2022-08-17 19:42:59.987  INFO 32320 --- [    Test worker] o.s.t.c.support.AbstractContextLoader    : Could not detect default resource locations for test class [com.coda.stylestore.web.IndexControllerTest]: no resource found for suffixes {-context.xml, Context.groovy}.
2022-08-17 19:42:59.987  INFO 32320 --- [    Test worker] t.c.s.AnnotationConfigContextLoaderUtils : Could not detect default configuration classes for test class [com.coda.stylestore.web.IndexControllerTest]: IndexControllerTest does not declare any static, non-private, non-final, nested classes annotated with @Configuration.
2022-08-17 19:42:59.989  INFO 32320 --- [    Test worker] .b.t.c.SpringBootTestContextBootstrapper : Found @SpringBootConfiguration com.coda.stylestore.StylestoreApplication for test class com.coda.stylestore.web.IndexControllerTest
2022-08-17 19:42:59.990  INFO 32320 --- [    Test worker] .b.t.c.SpringBootTestContextBootstrapper : Loaded default TestExecutionListener class names from location [META-INF/spring.factories]: [org.springframework.security.test.context.support.WithSecurityContextTestExecutionListener, org.springframework.security.test.context.support.ReactorContextTestExecutionListener, org.springframework.boot.test.autoconfigure.restdocs.RestDocsTestExecutionListener, org.springframework.boot.test.autoconfigure.web.client.MockRestServiceServerResetTestExecutionListener, org.springframework.boot.test.autoconfigure.web.servlet.MockMvcPrintOnlyOnFailureTestExecutionListener, org.springframework.boot.test.autoconfigure.web.servlet.WebDriverTestExecutionListener, org.springframework.boot.test.mock.mockito.MockitoTestExecutionListener, org.springframework.boot.test.mock.mockito.ResetMocksTestExecutionListener, org.springframework.test.context.web.ServletTestExecutionListener, org.springframework.test.context.support.DirtiesContextBeforeModesTestExecutionListener, org.springframework.test.context.support.DependencyInjectionTestExecutionListener, org.springframework.test.context.support.DirtiesContextTestExecutionListener, org.springframework.test.context.transaction.TransactionalTestExecutionListener, org.springframework.test.context.jdbc.SqlScriptsTestExecutionListener]
2022-08-17 19:42:59.991  INFO 32320 --- [    Test worker] .b.t.c.SpringBootTestContextBootstrapper : Using TestExecutionListeners: [org.springframework.test.context.web.ServletTestExecutionListener@3f99dba3, org.springframework.test.context.support.DirtiesContextBeforeModesTestExecutionListener@2ba22828, org.springframework.boot.test.mock.mockito.MockitoTestExecutionListener@3ac7f3e, org.springframework.boot.test.autoconfigure.SpringBootDependencyInjectionTestExecutionListener@3039b16d, org.springframework.test.context.support.DirtiesContextTestExecutionListener@418c200a, org.springframework.test.context.transaction.TransactionalTestExecutionListener@7b55a37b, org.springframework.test.context.jdbc.SqlScriptsTestExecutionListener@1be076a0, org.springframework.security.test.context.support.WithSecurityContextTestExecutionListener@662f0e68, org.springframework.security.test.context.support.ReactorContextTestExecutionListener@4683eed7, org.springframework.boot.test.autoconfigure.restdocs.RestDocsTestExecutionListener@101bc307, org.springframework.boot.test.autoconfigure.web.client.MockRestServiceServerResetTestExecutionListener@8d6e2d2, org.springframework.boot.test.autoconfigure.web.servlet.MockMvcPrintOnlyOnFailureTestExecutionListener@1614e1ee, org.springframework.boot.test.autoconfigure.web.servlet.WebDriverTestExecutionListener@4f3840ad, org.springframework.boot.test.mock.mockito.ResetMocksTestExecutionListener@1f5a1b6]

  .   ____          _            __ _ _
 /\\ / ___'_ __ _ _(_)_ __  __ _ \ \ \ \
( ( )\___ | '_ | '_| | '_ \/ _` | \ \ \ \
 \\/  ___)| |_)| | | | | || (_| |  ) ) ) )
  '  |____| .__|_| |_|_| |_\__, | / / / /
 =========|_|==============|___/=/_/_/_/
 :: Spring Boot ::        (v2.1.9.RELEASE)

2022-08-17 19:43:00.038  INFO 32320 --- [    Test worker] c.c.stylestore.web.IndexControllerTest   : Starting IndexControllerTest on DESKTOP-9A4F2JB with PID 32320 (started by lee in C:\Users\lee\Desktop\stylestore)
2022-08-17 19:43:00.038  INFO 32320 --- [    Test worker] c.c.stylestore.web.IndexControllerTest   : No active profile set, falling back to default profiles: default
2022-08-17 19:43:00.337  INFO 32320 --- [    Test worker] .s.d.r.c.RepositoryConfigurationDelegate : Bootstrapping Spring Data repositories in DEFAULT mode.
2022-08-17 19:43:00.377  INFO 32320 --- [    Test worker] .s.d.r.c.RepositoryConfigurationDelegate : Finished Spring Data repository scanning in 40ms. Found 2 repository interfaces.
2022-08-17 19:43:00.531  INFO 32320 --- [    Test worker] trationDelegate$BeanPostProcessorChecker : Bean 'org.springframework.transaction.annotation.ProxyTransactionManagementConfiguration' of type [org.springframework.transaction.annotation.ProxyTransactionManagementConfiguration$$EnhancerBySpringCGLIB$$66ff7feb] is not eligible for getting processed by all BeanPostProcessors (for example: not eligible for auto-proxying)
2022-08-17 19:43:00.875  INFO 32320 --- [    Test worker] o.s.b.w.embedded.tomcat.TomcatWebServer  : Tomcat initialized with port(s): 0 (http)
2022-08-17 19:43:00.919  INFO 32320 --- [    Test worker] o.apache.catalina.core.StandardService   : Starting service [Tomcat]
2022-08-17 19:43:00.919  INFO 32320 --- [    Test worker] org.apache.catalina.core.StandardEngine  : Starting Servlet engine: [Apache Tomcat/9.0.26]
2022-08-17 19:43:01.117  INFO 32320 --- [    Test worker] o.a.c.c.C.[Tomcat].[localhost].[/]       : Initializing Spring embedded WebApplicationContext
2022-08-17 19:43:01.117  INFO 32320 --- [    Test worker] o.s.web.context.ContextLoader            : Root WebApplicationContext: initialization completed in 1076 ms
2022-08-17 19:43:01.366  INFO 32320 --- [    Test worker] com.zaxxer.hikari.HikariDataSource       : HikariPool-2 - Starting...
2022-08-17 19:43:01.368  INFO 32320 --- [    Test worker] com.zaxxer.hikari.HikariDataSource       : HikariPool-2 - Start completed.
2022-08-17 19:43:01.414  INFO 32320 --- [    Test worker] o.hibernate.jpa.internal.util.LogHelper  : HHH000204: Processing PersistenceUnitInfo [
	name: default
	...]
2022-08-17 19:43:01.429  INFO 32320 --- [    Test worker] org.hibernate.dialect.Dialect            : HHH000400: Using dialect: org.hibernate.dialect.MySQL5InnoDBDialect
Hibernate: drop table if exists posts
Hibernate: drop table if exists user
Hibernate: create table posts (id bigint not null auto_increment, created_date datetime, modified_date datetime, author varchar(255), content TEXT not null, title varchar(500) not null, primary key (id)) engine=InnoDB
Hibernate: create table user (id bigint not null auto_increment, created_date datetime, modified_date datetime, email varchar(255) not null, name varchar(255) not null, picture varchar(255), role varchar(255) not null, primary key (id)) engine=InnoDB
2022-08-17 19:43:01.515  INFO 32320 --- [    Test worker] o.h.t.schema.internal.SchemaCreatorImpl  : HHH000476: Executing import script 'org.hibernate.tool.schema.internal.exec.ScriptSourceInputNonExistentImpl@5b8e0f2'
2022-08-17 19:43:01.515  INFO 32320 --- [    Test worker] j.LocalContainerEntityManagerFactoryBean : Initialized JPA EntityManagerFactory for persistence unit 'default'
2022-08-17 19:43:01.956  INFO 32320 --- [    Test worker] o.h.h.i.QueryTranslatorFactoryInitiator  : HHH000397: Using ASTQueryTranslatorFactory
2022-08-17 19:43:02.149  INFO 32320 --- [    Test worker] o.s.s.web.DefaultSecurityFilterChain     : Creating filter chain: any request, [org.springframework.security.web.context.request.async.WebAsyncManagerIntegrationFilter@2ce640f1, org.springframework.security.web.context.SecurityContextPersistenceFilter@5ff47022, org.springframework.security.web.header.HeaderWriterFilter@36f84710, org.springframework.security.web.authentication.logout.LogoutFilter@2564b856, org.springframework.security.oauth2.client.web.OAuth2AuthorizationRequestRedirectFilter@bdbabb1, org.springframework.security.oauth2.client.web.OAuth2LoginAuthenticationFilter@4eacec88, org.springframework.security.web.authentication.ui.DefaultLoginPageGeneratingFilter@59eda629, org.springframework.security.web.authentication.ui.DefaultLogoutPageGeneratingFilter@23d6113d, org.springframework.security.web.savedrequest.RequestCacheAwareFilter@115755a8, org.springframework.security.web.servletapi.SecurityContextHolderAwareRequestFilter@65634055, org.springframework.security.web.authentication.AnonymousAuthenticationFilter@7506b0d5, org.springframework.security.web.session.SessionManagementFilter@c761888, org.springframework.security.web.access.ExceptionTranslationFilter@69b4fb37, org.springframework.security.web.access.intercept.FilterSecurityInterceptor@3aa6b33b]
2022-08-17 19:43:02.324  INFO 32320 --- [    Test worker] o.s.s.concurrent.ThreadPoolTaskExecutor  : Initializing ExecutorService 'applicationTaskExecutor'
2022-08-17 19:43:02.335  WARN 32320 --- [    Test worker] aWebConfiguration$JpaWebMvcConfiguration : spring.jpa.open-in-view is enabled by default. Therefore, database queries may be performed during view rendering. Explicitly configure spring.jpa.open-in-view to disable this warning
2022-08-17 19:43:02.365  INFO 32320 --- [    Test worker] o.s.b.a.w.s.WelcomePageHandlerMapping    : Adding welcome page template: index
2022-08-17 19:43:02.645  INFO 32320 --- [    Test worker] s.a.ScheduledAnnotationBeanPostProcessor : No TaskScheduler/ScheduledExecutorService bean found for scheduled processing
2022-08-17 19:43:02.662  INFO 32320 --- [    Test worker] o.s.b.w.embedded.tomcat.TomcatWebServer  : Tomcat started on port(s): 61498 (http) with context path ''
2022-08-17 19:43:02.662  INFO 32320 --- [    Test worker] c.c.stylestore.web.IndexControllerTest   : Started IndexControllerTest in 2.668 seconds (JVM running for 13.229)
2022-08-17 19:43:02.756  INFO 32320 --- [o-auto-1-exec-1] o.a.c.c.C.[Tomcat].[localhost].[/]       : Initializing Spring DispatcherServlet 'dispatcherServlet'
2022-08-17 19:43:02.757  INFO 32320 --- [o-auto-1-exec-1] o.s.web.servlet.DispatcherServlet        : Initializing Servlet 'dispatcherServlet'
2022-08-17 19:43:02.776  INFO 32320 --- [o-auto-1-exec-1] o.s.web.servlet.DispatcherServlet        : Completed initialization in 19 ms
Hibernate: select posts0_.id as id1_0_, posts0_.created_date as created_2_0_, posts0_.modified_date as modified3_0_, posts0_.author as author4_0_, posts0_.content as content5_0_, posts0_.title as title6_0_ from posts posts0_ order by posts0_.id DESC
]]></system-out>
  <system-err><![CDATA[]]></system-err>
</testsuite>
